<?xml version="1.0" encoding="UTF-8"?>
<!-- Generated by org.testng.reporters.JUnitReportReporter -->
<testsuite hostname="LAPTOP-H6584H79" failures="0" tests="1" name="seleniumAd1.DragAndDrop" time="24.795" errors="0" timestamp="2024-01-23T11:30:11 CST" skipped="0">
  <testcase classname="seleniumAd1.DragAndDrop" name="DragDrop" time="24.795"/>
</testsuite> <!-- seleniumAd1.DragAndDrop -->
