<?xml version="1.0" encoding="UTF-8"?>
<!-- Generated by org.testng.reporters.JUnitReportReporter -->
<testsuite hostname="LAPTOP-H6584H79" failures="0" tests="2" name="seleniumAd1.Right_Double" time="41.529" errors="0" timestamp="2024-01-23T10:45:25 CST" skipped="0">
  <testcase classname="seleniumAd1.Right_Double" name="doubleClick" time="18.201"/>
  <testcase classname="seleniumAd1.Right_Double" name="right" time="23.328"/>
</testsuite> <!-- seleniumAd1.Right_Double -->
