<?xml version="1.0" encoding="UTF-8"?>
<!-- Generated by org.testng.reporters.JUnitReportReporter -->
<testsuite hostname="LAPTOP-H6584H79" failures="0" tests="1" name="seleniumAd2.BrokenLink" time="133.603" errors="0" timestamp="2024-01-23T22:12:44 CST" skipped="0">
  <testcase classname="seleniumAd2.BrokenLink" name="broken" time="133.603"/>
</testsuite> <!-- seleniumAd2.BrokenLink -->
