<?xml version="1.0" encoding="UTF-8"?>
<!-- Generated by org.testng.reporters.JUnitReportReporter -->
<testsuite hostname="LAPTOP-H6584H79" failures="0" tests="1" name="seleniumAd1.Keyboard_Event" time="17.541" errors="0" timestamp="2024-01-23T15:30:32 CST" skipped="0">
  <testcase classname="seleniumAd1.Keyboard_Event" name="keyboard" time="17.541"/>
</testsuite> <!-- seleniumAd1.Keyboard_Event -->
