<?xml version="1.0" encoding="UTF-8"?>
<!-- Generated by org.testng.reporters.JUnitReportReporter -->
<testsuite hostname="LAPTOP-H6584H79" failures="0" tests="1" name="seleniumAd3.HeadlessBrowser" time="2.723" errors="0" timestamp="2024-01-25T19:49:33 CST" skipped="0">
  <testcase classname="seleniumAd3.HeadlessBrowser" name="facebook" time="2.723"/>
</testsuite> <!-- seleniumAd3.HeadlessBrowser -->
