<?xml version="1.0" encoding="UTF-8"?>
<!-- Generated by org.testng.reporters.JUnitReportReporter -->
<testsuite hostname="LAPTOP-H6584H79" failures="0" tests="1" name="seleniumAd2.JavaScriptExecutor" time="19.085" errors="0" timestamp="2024-01-24T09:37:53 CST" skipped="0">
  <testcase classname="seleniumAd2.JavaScriptExecutor" name="script" time="19.085"/>
</testsuite> <!-- seleniumAd2.JavaScriptExecutor -->
