<?xml version="1.0" encoding="UTF-8"?>
<!-- Generated by org.testng.reporters.JUnitReportReporter -->
<testsuite hostname="LAPTOP-H6584H79" failures="0" tests="1" name="seleniumAd2.Hidden" time="17.811" errors="0" timestamp="2024-01-24T20:41:46 CST" skipped="0">
  <testcase classname="seleniumAd2.Hidden" name="hiddenElement" time="17.811"/>
</testsuite> <!-- seleniumAd2.Hidden -->
