<?xml version="1.0" encoding="UTF-8"?>
<!-- Generated by org.testng.reporters.JUnitReportReporter -->
<testsuite hostname="LAPTOP-H6584H79" failures="0" tests="1" name="seleniumAd1.ActionClass" time="12.368" errors="0" timestamp="2024-01-22T22:36:26 CST" skipped="0">
  <testcase classname="seleniumAd1.ActionClass" name="action" time="12.368"/>
</testsuite> <!-- seleniumAd1.ActionClass -->
