<?xml version="1.0" encoding="UTF-8"?>
<!-- Generated by org.testng.reporters.JUnitReportReporter -->
<testsuite hostname="LAPTOP-H6584H79" failures="0" tests="1" name="seleniumAd1.NotClickElement" time="23.053" errors="0" timestamp="2024-01-24T19:16:07 CST" skipped="0">
  <testcase classname="seleniumAd1.NotClickElement" name="notClick" time="23.053"/>
</testsuite> <!-- seleniumAd1.NotClickElement -->
