<?xml version="1.0" encoding="UTF-8"?>
<!-- Generated by org.testng.reporters.JUnitReportReporter -->
<testsuite hostname="LAPTOP-H6584H79" failures="0" tests="2" name="post_get.Ex1" time="3.293" errors="0" timestamp="2024-01-19T09:32:44 CST" skipped="0">
  <testcase classname="post_get.Ex1" name="postf" time="0.424"/>
  <system-out/>
  <testcase classname="post_get.Ex1" name="gf" time="2.869"/>
  <system-out/>
</testsuite> <!-- post_get.Ex1 -->
