<?xml version="1.0" encoding="UTF-8"?>
<!-- Generated by org.testng.reporters.JUnitReportReporter -->
<testsuite hostname="LAPTOP-H6584H79" failures="0" tests="1" name="get.Ex2" time="2.727" errors="0" timestamp="2024-01-18T21:46:18 CST" skipped="0">
  <testcase classname="get.Ex2" name="f" time="2.727"/>
  <system-out/>
</testsuite> <!-- get.Ex2 -->
