<?xml version="1.0" encoding="UTF-8"?>
<!-- Generated by org.testng.reporters.JUnitReportReporter -->
<testsuite hostname="LAPTOP-H6584H79" failures="0" tests="3" name="post_get.PutPatchDelete" time="3.096" errors="0" timestamp="2024-01-19T20:46:31 CST" skipped="0">
  <testcase classname="post_get.PutPatchDelete" name="testPut" time="0.355"/>
  <system-out/>
  <testcase classname="post_get.PutPatchDelete" name="testDelete" time="2.217"/>
  <system-out/>
  <testcase classname="post_get.PutPatchDelete" name="testPatch" time="0.524"/>
  <system-out/>
</testsuite> <!-- post_get.PutPatchDelete -->
